[debug] [2020-11-10T07:32:39.237Z] ----------------------------------------------------------------------
[debug] [2020-11-10T07:32:39.239Z] Command:       C:\Program Files\nodejs\node.exe C:\Users\ADMIN\AppData\Roaming\npm\node_modules\firebase-tools\lib\bin\firebase.js emulators:start
[debug] [2020-11-10T07:32:39.240Z] CLI Version:   8.12.1
[debug] [2020-11-10T07:32:39.240Z] Platform:      win32
[debug] [2020-11-10T07:32:39.240Z] Node Version:  v14.12.0
[debug] [2020-11-10T07:32:39.241Z] Time:          Tue Nov 10 2020 13:02:39 GMT+0530 (India Standard Time)
[debug] [2020-11-10T07:32:39.242Z] ----------------------------------------------------------------------
[debug] [2020-11-10T07:32:39.242Z] 
[debug] [2020-11-10T07:32:39.251Z] > command requires scopes: ["email","openid","https://www.googleapis.com/auth/cloudplatformprojects.readonly","https://www.googleapis.com/auth/firebase","https://www.googleapis.com/auth/cloud-platform"]
[debug] [2020-11-10T07:32:39.252Z] > authorizing via signed-in user
[info] i  emulators: Starting emulators: functions, hosting {"metadata":{"emulator":{"name":"hub"},"message":"Starting emulators: functions, hosting"}}
[debug] [2020-11-10T07:32:39.336Z] [hub] writing locator at C:\Users\ADMIN\AppData\Local\Temp\hub-e-challange-3fa74.json
[warn] !  functions: The following emulators are not running, calls to these services from the Functions emulator will affect production: auth, firestore, database, pubsub {"metadata":{"emulator":{"name":"functions"},"message":"The following emulators are not running, calls to these services from the Functions emulator will affect production: \u001b[1mauth, firestore, database, pubsub\u001b[22m"}}
[warn] !  Your requested "node" version "10" doesn't match your global version "14" {"metadata":{"emulator":{"name":"functions"},"message":"Your requested \"node\" version \"10\" doesn't match your global version \"14\""}}
[debug] [2020-11-10T07:32:39.376Z] defaultcredentials: writing to file C:\Users\ADMIN\AppData\Roaming\firebase\er_kmk123_gmail.com_application_default_credentials.json
[debug] [2020-11-10T07:32:39.380Z] Setting GAC to C:\Users\ADMIN\AppData\Roaming\firebase\er_kmk123_gmail.com_application_default_credentials.json {"metadata":{"emulator":{"name":"functions"},"message":"Setting GAC to C:\\Users\\ADMIN\\AppData\\Roaming\\firebase\\er_kmk123_gmail.com_application_default_credentials.json"}}
[debug] [2020-11-10T07:32:39.393Z] >>> HTTP REQUEST GET https://firebase.googleapis.com/v1beta1/projects/e-challange-3fa74/webApps/-/config  
 
[debug] [2020-11-10T07:32:41.429Z] <<< HTTP RESPONSE 200 {"content-type":"application/json; charset=UTF-8","vary":"X-Origin, Referer, Origin,Accept-Encoding","date":"Tue, 10 Nov 2020 07:32:41 GMT","server":"ESF","cache-control":"private","x-xss-protection":"0","x-frame-options":"SAMEORIGIN","x-content-type-options":"nosniff","alt-svc":"h3-Q050=\":443\"; ma=2592000,h3-29=\":443\"; ma=2592000,h3-T051=\":443\"; ma=2592000,h3-T050=\":443\"; ma=2592000,h3-Q046=\":443\"; ma=2592000,h3-Q043=\":443\"; ma=2592000,quic=\":443\"; ma=2592000; v=\"46,43\"","accept-ranges":"none","transfer-encoding":"chunked"}
[info] i  hosting: Serving hosting files from: build {"metadata":{"emulator":{"name":"hosting"},"message":"Serving hosting files from: \u001b[1mbuild\u001b[22m"}}
[info] +  hosting: Local server: http://localhost:5000 {"metadata":{"emulator":{"name":"hosting"},"message":"Local server: \u001b[4m\u001b[1mhttp://localhost:5000\u001b[22m\u001b[24m"}}
[debug] [2020-11-10T07:32:41.661Z] Ignoring unsupported arg: auto_download {"metadata":{"emulator":{"name":"ui"},"message":"Ignoring unsupported arg: auto_download"}}
[debug] [2020-11-10T07:32:41.662Z] Ignoring unsupported arg: port {"metadata":{"emulator":{"name":"ui"},"message":"Ignoring unsupported arg: port"}}
[debug] [2020-11-10T07:32:41.663Z] Starting Emulator UI with command {"binary":"node","args":["C:\\Users\\ADMIN\\.cache\\firebase\\emulators\\ui-v1.1.1\\server.bundle.js"],"optionalArgs":[],"joinArgs":false} {"metadata":{"emulator":{"name":"ui"},"message":"Starting Emulator UI with command {\"binary\":\"node\",\"args\":[\"C:\\\\Users\\\\ADMIN\\\\.cache\\\\firebase\\\\emulators\\\\ui-v1.1.1\\\\server.bundle.js\"],\"optionalArgs\":[],\"joinArgs\":false}"}}
[info] i  ui: Emulator UI logging to ui-debug.log {"metadata":{"emulator":{"name":"ui"},"message":"Emulator UI logging to \u001b[1mui-debug.log\u001b[22m"}}
[debug] [2020-11-10T07:32:41.842Z] Web / API server started at http://localhost:4000
 {"metadata":{"emulator":{"name":"ui"},"message":"Web / API server started at http://localhost:4000\n"}}
[info] i  functions: Watching "C:\Users\ADMIN\Documents\Amazone-full-stack-React-firebase\amazone-clone\functions" for Cloud Functions... {"metadata":{"emulator":{"name":"functions"},"message":"Watching \"C:\\Users\\ADMIN\\Documents\\Amazone-full-stack-React-firebase\\amazone-clone\\functions\" for Cloud Functions..."}}
[debug] [2020-11-10T07:32:41.969Z] [worker-pool] addWorker(~diagnostic~) {"metadata":{"emulator":{"name":"functions"},"message":"[worker-pool] addWorker(~diagnostic~)"}}
[debug] [2020-11-10T07:32:41.970Z] [worker-pool] Adding worker with key ~diagnostic~, total=1 {"metadata":{"emulator":{"name":"functions"},"message":"[worker-pool] Adding worker with key ~diagnostic~, total=1"}}
[debug] [2020-11-10T07:32:41.971Z] [worker-pool] submitWork(triggerId=) {"metadata":{"emulator":{"name":"functions"},"message":"[worker-pool] submitWork(triggerId=)"}}
[debug] [2020-11-10T07:32:41.972Z] [worker-~diagnostic~-892b2e41-f28c-47a9-975a-2ab1cf88ffde]: Assigning socketPath: \\?\pipe\C:\Users\ADMIN\Documents\Amazone-full-stack-React-firebase\amazone-clone\functions\13852 {"metadata":{"emulator":{"name":"functions"},"message":"[worker-~diagnostic~-892b2e41-f28c-47a9-975a-2ab1cf88ffde]: Assigning socketPath: \\\\?\\pipe\\C:\\Users\\ADMIN\\Documents\\Amazone-full-stack-React-firebase\\amazone-clone\\functions\\13852"}}
[debug] [2020-11-10T07:32:41.974Z] [worker-~diagnostic~-892b2e41-f28c-47a9-975a-2ab1cf88ffde]: BUSY {"metadata":{"emulator":{"name":"functions"},"message":"[worker-~diagnostic~-892b2e41-f28c-47a9-975a-2ab1cf88ffde]: BUSY"}}
[debug] [2020-11-10T07:32:42.608Z] [runtime-status] [13852] Functions runtime initialized. {"cwd":"C:\\Users\\ADMIN\\Documents\\Amazone-full-stack-React-firebase\\amazone-clone\\functions","node_version":"14.12.0"} {"metadata":{"emulator":{"name":"functions"},"message":"[runtime-status] [13852] Functions runtime initialized. {\"cwd\":\"C:\\\\Users\\\\ADMIN\\\\Documents\\\\Amazone-full-stack-React-firebase\\\\amazone-clone\\\\functions\",\"node_version\":\"14.12.0\"}"}}
[debug] [2020-11-10T07:32:42.615Z] [runtime-status] [13852] Disabled runtime features: undefined {"metadata":{"emulator":{"name":"functions"},"message":"[runtime-status] [13852] Disabled runtime features: undefined"}}
[debug] [2020-11-10T07:32:42.620Z] [runtime-status] [13852] Resolved module firebase-admin {"declared":true,"installed":true,"version":"8.13.0","resolution":"C:\\Users\\ADMIN\\Documents\\Amazone-full-stack-React-firebase\\amazone-clone\\functions\\node_modules\\firebase-admin\\lib\\index.js"} {"metadata":{"emulator":{"name":"functions"},"message":"[runtime-status] [13852] Resolved module firebase-admin {\"declared\":true,\"installed\":true,\"version\":\"8.13.0\",\"resolution\":\"C:\\\\Users\\\\ADMIN\\\\Documents\\\\Amazone-full-stack-React-firebase\\\\amazone-clone\\\\functions\\\\node_modules\\\\firebase-admin\\\\lib\\\\index.js\"}"}}
[debug] [2020-11-10T07:32:42.623Z] [runtime-status] [13852] Resolved module firebase-functions {"declared":true,"installed":true,"version":"3.11.0","resolution":"C:\\Users\\ADMIN\\Documents\\Amazone-full-stack-React-firebase\\amazone-clone\\functions\\node_modules\\firebase-functions\\lib\\index.js"} {"metadata":{"emulator":{"name":"functions"},"message":"[runtime-status] [13852] Resolved module firebase-functions {\"declared\":true,\"installed\":true,\"version\":\"3.11.0\",\"resolution\":\"C:\\\\Users\\\\ADMIN\\\\Documents\\\\Amazone-full-stack-React-firebase\\\\amazone-clone\\\\functions\\\\node_modules\\\\firebase-functions\\\\lib\\\\index.js\"}"}}
[debug] [2020-11-10T07:32:42.626Z] [runtime-status] [13852] Resolved module firebase-functions {"declared":true,"installed":true,"version":"3.11.0","resolution":"C:\\Users\\ADMIN\\Documents\\Amazone-full-stack-React-firebase\\amazone-clone\\functions\\node_modules\\firebase-functions\\lib\\index.js"} {"metadata":{"emulator":{"name":"functions"},"message":"[runtime-status] [13852] Resolved module firebase-functions {\"declared\":true,\"installed\":true,\"version\":\"3.11.0\",\"resolution\":\"C:\\\\Users\\\\ADMIN\\\\Documents\\\\Amazone-full-stack-React-firebase\\\\amazone-clone\\\\functions\\\\node_modules\\\\firebase-functions\\\\lib\\\\index.js\"}"}}
[debug] [2020-11-10T07:32:42.629Z] [runtime-status] [13852] Outgoing network have been stubbed. [{"name":"http","status":"mocked"},{"name":"http","status":"mocked"},{"name":"https","status":"mocked"},{"name":"https","status":"mocked"},{"name":"net","status":"mocked"}] {"metadata":{"emulator":{"name":"functions"},"message":"[runtime-status] [13852] Outgoing network have been stubbed. [{\"name\":\"http\",\"status\":\"mocked\"},{\"name\":\"http\",\"status\":\"mocked\"},{\"name\":\"https\",\"status\":\"mocked\"},{\"name\":\"https\",\"status\":\"mocked\"},{\"name\":\"net\",\"status\":\"mocked\"}]"}}
[debug] [2020-11-10T07:32:42.630Z] [runtime-status] [13852] Resolved module firebase-functions {"declared":true,"installed":true,"version":"3.11.0","resolution":"C:\\Users\\ADMIN\\Documents\\Amazone-full-stack-React-firebase\\amazone-clone\\functions\\node_modules\\firebase-functions\\lib\\index.js"} {"metadata":{"emulator":{"name":"functions"},"message":"[runtime-status] [13852] Resolved module firebase-functions {\"declared\":true,\"installed\":true,\"version\":\"3.11.0\",\"resolution\":\"C:\\\\Users\\\\ADMIN\\\\Documents\\\\Amazone-full-stack-React-firebase\\\\amazone-clone\\\\functions\\\\node_modules\\\\firebase-functions\\\\lib\\\\index.js\"}"}}
[debug] [2020-11-10T07:32:42.707Z] [runtime-status] [13852] Checked functions.config() {"config":{}} {"metadata":{"emulator":{"name":"functions"},"message":"[runtime-status] [13852] Checked functions.config() {\"config\":{}}"}}
[debug] [2020-11-10T07:32:42.707Z] [runtime-status] [13852] firebase-functions has been stubbed. {"functionsResolution":{"declared":true,"installed":true,"version":"3.11.0","resolution":"C:\\Users\\ADMIN\\Documents\\Amazone-full-stack-React-firebase\\amazone-clone\\functions\\node_modules\\firebase-functions\\lib\\index.js"}} {"metadata":{"emulator":{"name":"functions"},"message":"[runtime-status] [13852] firebase-functions has been stubbed. {\"functionsResolution\":{\"declared\":true,\"installed\":true,\"version\":\"3.11.0\",\"resolution\":\"C:\\\\Users\\\\ADMIN\\\\Documents\\\\Amazone-full-stack-React-firebase\\\\amazone-clone\\\\functions\\\\node_modules\\\\firebase-functions\\\\lib\\\\index.js\"}}"}}
[debug] [2020-11-10T07:32:42.708Z] [runtime-status] [13852] Resolved module firebase-functions {"declared":true,"installed":true,"version":"3.11.0","resolution":"C:\\Users\\ADMIN\\Documents\\Amazone-full-stack-React-firebase\\amazone-clone\\functions\\node_modules\\firebase-functions\\lib\\index.js"} {"metadata":{"emulator":{"name":"functions"},"message":"[runtime-status] [13852] Resolved module firebase-functions {\"declared\":true,\"installed\":true,\"version\":\"3.11.0\",\"resolution\":\"C:\\\\Users\\\\ADMIN\\\\Documents\\\\Amazone-full-stack-React-firebase\\\\amazone-clone\\\\functions\\\\node_modules\\\\firebase-functions\\\\lib\\\\index.js\"}"}}
[debug] [2020-11-10T07:32:42.710Z] [runtime-status] [13852] Resolved module firebase-admin {"declared":true,"installed":true,"version":"8.13.0","resolution":"C:\\Users\\ADMIN\\Documents\\Amazone-full-stack-React-firebase\\amazone-clone\\functions\\node_modules\\firebase-admin\\lib\\index.js"} {"metadata":{"emulator":{"name":"functions"},"message":"[runtime-status] [13852] Resolved module firebase-admin {\"declared\":true,\"installed\":true,\"version\":\"8.13.0\",\"resolution\":\"C:\\\\Users\\\\ADMIN\\\\Documents\\\\Amazone-full-stack-React-firebase\\\\amazone-clone\\\\functions\\\\node_modules\\\\firebase-admin\\\\lib\\\\index.js\"}"}}
[debug] [2020-11-10T07:32:42.711Z] [runtime-status] [13852] Resolved module firebase-functions {"declared":true,"installed":true,"version":"3.11.0","resolution":"C:\\Users\\ADMIN\\Documents\\Amazone-full-stack-React-firebase\\amazone-clone\\functions\\node_modules\\firebase-functions\\lib\\index.js"} {"metadata":{"emulator":{"name":"functions"},"message":"[runtime-status] [13852] Resolved module firebase-functions {\"declared\":true,\"installed\":true,\"version\":\"3.11.0\",\"resolution\":\"C:\\\\Users\\\\ADMIN\\\\Documents\\\\Amazone-full-stack-React-firebase\\\\amazone-clone\\\\functions\\\\node_modules\\\\firebase-functions\\\\lib\\\\index.js\"}"}}
[debug] [2020-11-10T07:32:42.711Z] [runtime-status] [13852] firebase-admin has been stubbed. {"adminResolution":{"declared":true,"installed":true,"version":"8.13.0","resolution":"C:\\Users\\ADMIN\\Documents\\Amazone-full-stack-React-firebase\\amazone-clone\\functions\\node_modules\\firebase-admin\\lib\\index.js"}} {"metadata":{"emulator":{"name":"functions"},"message":"[runtime-status] [13852] firebase-admin has been stubbed. {\"adminResolution\":{\"declared\":true,\"installed\":true,\"version\":\"8.13.0\",\"resolution\":\"C:\\\\Users\\\\ADMIN\\\\Documents\\\\Amazone-full-stack-React-firebase\\\\amazone-clone\\\\functions\\\\node_modules\\\\firebase-admin\\\\lib\\\\index.js\"}}"}}
[info] +  functions[api]: http function initialized (http://localhost:5001/e-challange-3fa74/us-central1/api). {"metadata":{"emulator":{"name":"functions"},"message":"\u001b[1mhttp\u001b[22m function initialized (http://localhost:5001/e-challange-3fa74/us-central1/api)."}}
[info] 
┌───────────────────────────────────────────────────────────────────────┐
│ ✔  All emulators ready! View status and logs at http://localhost:4000 │
└───────────────────────────────────────────────────────────────────────┘

┌───────────┬────────────────┬─────────────────────────────────┐
│ Emulator  │ Host:Port      │ View in Emulator UI             │
├───────────┼────────────────┼─────────────────────────────────┤
│ Functions │ localhost:5001 │ http://localhost:4000/functions │
├───────────┼────────────────┼─────────────────────────────────┤
│ Hosting   │ localhost:5000 │ n/a                             │
└───────────┴────────────────┴─────────────────────────────────┘
  Other reserved ports: 4400, 4500

Issues? Report them at https://github.com/firebase/firebase-tools/issues and attach the *-debug.log files.
 
[debug] [2020-11-10T07:32:42.967Z] [worker-~diagnostic~-892b2e41-f28c-47a9-975a-2ab1cf88ffde]: IDLE {"metadata":{"emulator":{"name":"functions"},"message":"[worker-~diagnostic~-892b2e41-f28c-47a9-975a-2ab1cf88ffde]: IDLE"}}
[debug] [2020-11-10T07:33:32.904Z] [work-queue] {"queueLength":1,"workRunningCount":0}
[debug] [2020-11-10T07:33:32.908Z] [work-queue] {"queueLength":0,"workRunningCount":1}
[debug] [2020-11-10T07:33:32.912Z] Accepted request GET /e-challange-3fa74/us-central1/api/khalid --> api
[debug] [2020-11-10T07:33:32.936Z] [worker-pool] addWorker(api) {"metadata":{"emulator":{"name":"functions"},"message":"[worker-pool] addWorker(api)"}}
[debug] [2020-11-10T07:33:32.937Z] [worker-pool] Adding worker with key api, total=1 {"metadata":{"emulator":{"name":"functions"},"message":"[worker-pool] Adding worker with key api, total=1"}}
[debug] [2020-11-10T07:33:32.938Z] [worker-pool] submitWork(triggerId=api) {"metadata":{"emulator":{"name":"functions"},"message":"[worker-pool] submitWork(triggerId=api)"}}
[debug] [2020-11-10T07:33:32.938Z] [worker-api-103b4d16-ba50-4a2f-81a0-d5c456ad7069]: Assigning socketPath: \\?\pipe\C:\Users\ADMIN\Documents\Amazone-full-stack-React-firebase\amazone-clone\functions\14312 {"metadata":{"emulator":{"name":"functions"},"message":"[worker-api-103b4d16-ba50-4a2f-81a0-d5c456ad7069]: Assigning socketPath: \\\\?\\pipe\\C:\\Users\\ADMIN\\Documents\\Amazone-full-stack-React-firebase\\amazone-clone\\functions\\14312"}}
[debug] [2020-11-10T07:33:32.940Z] [worker-api-103b4d16-ba50-4a2f-81a0-d5c456ad7069]: BUSY {"metadata":{"emulator":{"name":"functions"},"message":"[worker-api-103b4d16-ba50-4a2f-81a0-d5c456ad7069]: BUSY"}}
[debug] [2020-11-10T07:33:33.700Z] [runtime-status] [14312] Functions runtime initialized. {"cwd":"C:\\Users\\ADMIN\\Documents\\Amazone-full-stack-React-firebase\\amazone-clone\\functions","node_version":"14.12.0"} {"metadata":{"emulator":{"name":"functions"},"function":{"name":"api"},"message":"[runtime-status] [14312] Functions runtime initialized. {\"cwd\":\"C:\\\\Users\\\\ADMIN\\\\Documents\\\\Amazone-full-stack-React-firebase\\\\amazone-clone\\\\functions\",\"node_version\":\"14.12.0\"}"}}
[debug] [2020-11-10T07:33:33.707Z] [runtime-status] [14312] Disabled runtime features: undefined {"metadata":{"emulator":{"name":"functions"},"function":{"name":"api"},"message":"[runtime-status] [14312] Disabled runtime features: undefined"}}
[debug] [2020-11-10T07:33:33.714Z] [runtime-status] [14312] Resolved module firebase-admin {"declared":true,"installed":true,"version":"8.13.0","resolution":"C:\\Users\\ADMIN\\Documents\\Amazone-full-stack-React-firebase\\amazone-clone\\functions\\node_modules\\firebase-admin\\lib\\index.js"} {"metadata":{"emulator":{"name":"functions"},"function":{"name":"api"},"message":"[runtime-status] [14312] Resolved module firebase-admin {\"declared\":true,\"installed\":true,\"version\":\"8.13.0\",\"resolution\":\"C:\\\\Users\\\\ADMIN\\\\Documents\\\\Amazone-full-stack-React-firebase\\\\amazone-clone\\\\functions\\\\node_modules\\\\firebase-admin\\\\lib\\\\index.js\"}"}}
[debug] [2020-11-10T07:33:33.718Z] [runtime-status] [14312] Resolved module firebase-functions {"declared":true,"installed":true,"version":"3.11.0","resolution":"C:\\Users\\ADMIN\\Documents\\Amazone-full-stack-React-firebase\\amazone-clone\\functions\\node_modules\\firebase-functions\\lib\\index.js"} {"metadata":{"emulator":{"name":"functions"},"function":{"name":"api"},"message":"[runtime-status] [14312] Resolved module firebase-functions {\"declared\":true,\"installed\":true,\"version\":\"3.11.0\",\"resolution\":\"C:\\\\Users\\\\ADMIN\\\\Documents\\\\Amazone-full-stack-React-firebase\\\\amazone-clone\\\\functions\\\\node_modules\\\\firebase-functions\\\\lib\\\\index.js\"}"}}
[debug] [2020-11-10T07:33:33.720Z] [runtime-status] [14312] Resolved module firebase-functions {"declared":true,"installed":true,"version":"3.11.0","resolution":"C:\\Users\\ADMIN\\Documents\\Amazone-full-stack-React-firebase\\amazone-clone\\functions\\node_modules\\firebase-functions\\lib\\index.js"} {"metadata":{"emulator":{"name":"functions"},"function":{"name":"api"},"message":"[runtime-status] [14312] Resolved module firebase-functions {\"declared\":true,\"installed\":true,\"version\":\"3.11.0\",\"resolution\":\"C:\\\\Users\\\\ADMIN\\\\Documents\\\\Amazone-full-stack-React-firebase\\\\amazone-clone\\\\functions\\\\node_modules\\\\firebase-functions\\\\lib\\\\index.js\"}"}}
[debug] [2020-11-10T07:33:33.723Z] [runtime-status] [14312] Outgoing network have been stubbed. [{"name":"http","status":"mocked"},{"name":"http","status":"mocked"},{"name":"https","status":"mocked"},{"name":"https","status":"mocked"},{"name":"net","status":"mocked"}] {"metadata":{"emulator":{"name":"functions"},"function":{"name":"api"},"message":"[runtime-status] [14312] Outgoing network have been stubbed. [{\"name\":\"http\",\"status\":\"mocked\"},{\"name\":\"http\",\"status\":\"mocked\"},{\"name\":\"https\",\"status\":\"mocked\"},{\"name\":\"https\",\"status\":\"mocked\"},{\"name\":\"net\",\"status\":\"mocked\"}]"}}
[debug] [2020-11-10T07:33:33.724Z] [runtime-status] [14312] Resolved module firebase-functions {"declared":true,"installed":true,"version":"3.11.0","resolution":"C:\\Users\\ADMIN\\Documents\\Amazone-full-stack-React-firebase\\amazone-clone\\functions\\node_modules\\firebase-functions\\lib\\index.js"} {"metadata":{"emulator":{"name":"functions"},"function":{"name":"api"},"message":"[runtime-status] [14312] Resolved module firebase-functions {\"declared\":true,\"installed\":true,\"version\":\"3.11.0\",\"resolution\":\"C:\\\\Users\\\\ADMIN\\\\Documents\\\\Amazone-full-stack-React-firebase\\\\amazone-clone\\\\functions\\\\node_modules\\\\firebase-functions\\\\lib\\\\index.js\"}"}}
[debug] [2020-11-10T07:33:33.806Z] [runtime-status] [14312] Checked functions.config() {"config":{}} {"metadata":{"emulator":{"name":"functions"},"function":{"name":"api"},"message":"[runtime-status] [14312] Checked functions.config() {\"config\":{}}"}}
[debug] [2020-11-10T07:33:33.806Z] [runtime-status] [14312] firebase-functions has been stubbed. {"functionsResolution":{"declared":true,"installed":true,"version":"3.11.0","resolution":"C:\\Users\\ADMIN\\Documents\\Amazone-full-stack-React-firebase\\amazone-clone\\functions\\node_modules\\firebase-functions\\lib\\index.js"}} {"metadata":{"emulator":{"name":"functions"},"function":{"name":"api"},"message":"[runtime-status] [14312] firebase-functions has been stubbed. {\"functionsResolution\":{\"declared\":true,\"installed\":true,\"version\":\"3.11.0\",\"resolution\":\"C:\\\\Users\\\\ADMIN\\\\Documents\\\\Amazone-full-stack-React-firebase\\\\amazone-clone\\\\functions\\\\node_modules\\\\firebase-functions\\\\lib\\\\index.js\"}}"}}
[debug] [2020-11-10T07:33:33.807Z] [runtime-status] [14312] Resolved module firebase-functions {"declared":true,"installed":true,"version":"3.11.0","resolution":"C:\\Users\\ADMIN\\Documents\\Amazone-full-stack-React-firebase\\amazone-clone\\functions\\node_modules\\firebase-functions\\lib\\index.js"} {"metadata":{"emulator":{"name":"functions"},"function":{"name":"api"},"message":"[runtime-status] [14312] Resolved module firebase-functions {\"declared\":true,\"installed\":true,\"version\":\"3.11.0\",\"resolution\":\"C:\\\\Users\\\\ADMIN\\\\Documents\\\\Amazone-full-stack-React-firebase\\\\amazone-clone\\\\functions\\\\node_modules\\\\firebase-functions\\\\lib\\\\index.js\"}"}}
[debug] [2020-11-10T07:33:33.809Z] [runtime-status] [14312] Resolved module firebase-admin {"declared":true,"installed":true,"version":"8.13.0","resolution":"C:\\Users\\ADMIN\\Documents\\Amazone-full-stack-React-firebase\\amazone-clone\\functions\\node_modules\\firebase-admin\\lib\\index.js"} {"metadata":{"emulator":{"name":"functions"},"function":{"name":"api"},"message":"[runtime-status] [14312] Resolved module firebase-admin {\"declared\":true,\"installed\":true,\"version\":\"8.13.0\",\"resolution\":\"C:\\\\Users\\\\ADMIN\\\\Documents\\\\Amazone-full-stack-React-firebase\\\\amazone-clone\\\\functions\\\\node_modules\\\\firebase-admin\\\\lib\\\\index.js\"}"}}
[debug] [2020-11-10T07:33:33.810Z] [runtime-status] [14312] Resolved module firebase-functions {"declared":true,"installed":true,"version":"3.11.0","resolution":"C:\\Users\\ADMIN\\Documents\\Amazone-full-stack-React-firebase\\amazone-clone\\functions\\node_modules\\firebase-functions\\lib\\index.js"} {"metadata":{"emulator":{"name":"functions"},"function":{"name":"api"},"message":"[runtime-status] [14312] Resolved module firebase-functions {\"declared\":true,\"installed\":true,\"version\":\"3.11.0\",\"resolution\":\"C:\\\\Users\\\\ADMIN\\\\Documents\\\\Amazone-full-stack-React-firebase\\\\amazone-clone\\\\functions\\\\node_modules\\\\firebase-functions\\\\lib\\\\index.js\"}"}}
[debug] [2020-11-10T07:33:33.811Z] [runtime-status] [14312] firebase-admin has been stubbed. {"adminResolution":{"declared":true,"installed":true,"version":"8.13.0","resolution":"C:\\Users\\ADMIN\\Documents\\Amazone-full-stack-React-firebase\\amazone-clone\\functions\\node_modules\\firebase-admin\\lib\\index.js"}} {"metadata":{"emulator":{"name":"functions"},"function":{"name":"api"},"message":"[runtime-status] [14312] firebase-admin has been stubbed. {\"adminResolution\":{\"declared\":true,\"installed\":true,\"version\":\"8.13.0\",\"resolution\":\"C:\\\\Users\\\\ADMIN\\\\Documents\\\\Amazone-full-stack-React-firebase\\\\amazone-clone\\\\functions\\\\node_modules\\\\firebase-admin\\\\lib\\\\index.js\"}}"}}
[debug] [2020-11-10T07:33:34.085Z] [runtime-status] [14312] Trigger "api" has been found, beginning invocation! {"metadata":{"emulator":{"name":"functions"},"function":{"name":"api"},"message":"[runtime-status] [14312] Trigger \"api\" has been found, beginning invocation!"}}
[info] i  functions: Beginning execution of "api" {"metadata":{"emulator":{"name":"functions"},"function":{"name":"api"},"message":"Beginning execution of \"api\""}}
[debug] [2020-11-10T07:33:34.087Z] [runtime-status] [14312] triggerDefinition {"httpsTrigger":{},"name":"api","entryPoint":"api"} {"metadata":{"emulator":{"name":"functions"},"function":{"name":"api"},"message":"[runtime-status] [14312] triggerDefinition {\"httpsTrigger\":{},\"name\":\"api\",\"entryPoint\":\"api\"}"}}
[debug] [2020-11-10T07:33:34.087Z] [runtime-status] [14312] Running api in mode HTTPS {"metadata":{"emulator":{"name":"functions"},"function":{"name":"api"},"message":"[runtime-status] [14312] Running api in mode HTTPS"}}
[debug] [2020-11-10T07:33:34.092Z] [runtime-status] [14312] Attempting to listen to socketPath: \\?\pipe\C:\Users\ADMIN\Documents\Amazone-full-stack-React-firebase\amazone-clone\functions\14312 {"metadata":{"emulator":{"name":"functions"},"function":{"name":"api"},"message":"[runtime-status] [14312] Attempting to listen to socketPath: \\\\?\\pipe\\C:\\Users\\ADMIN\\Documents\\Amazone-full-stack-React-firebase\\amazone-clone\\functions\\14312"}}
[debug] [2020-11-10T07:33:34.097Z] [functions] Runtime ready! Sending request! {"metadata":{"emulator":{"name":"functions"},"message":"[functions] Runtime ready! Sending request!"}}
[debug] [2020-11-10T07:33:34.111Z] [runtime-status] [14312] Ephemeral server handling GET request {"metadata":{"emulator":{"name":"functions"},"function":{"name":"api"},"message":"[runtime-status] [14312] Ephemeral server handling GET request"}}
[debug] [2020-11-10T07:33:34.125Z] [runtime-status] [14312] Ephemeral server survived. {"metadata":{"emulator":{"name":"functions"},"function":{"name":"api"},"message":"[runtime-status] [14312] Ephemeral server survived."}}
[info] i  functions: Finished "api" in ~1s {"metadata":{"emulator":{"name":"functions"},"function":{"name":"api"},"message":"Finished \"api\" in ~1s"}}
[debug] [2020-11-10T07:33:34.134Z] [worker-api-103b4d16-ba50-4a2f-81a0-d5c456ad7069]: IDLE {"metadata":{"emulator":{"name":"functions"},"message":"[worker-api-103b4d16-ba50-4a2f-81a0-d5c456ad7069]: IDLE"}}
[debug] [2020-11-10T07:33:34.135Z] [work-queue] {"queueLength":0,"workRunningCount":0}
[debug] [2020-11-10T07:34:06.166Z] Functions emulator received unknown request at path /
[info] i  hosting: 127.0.0.1 - - [10/Nov/2020:07:34:10 +0000] "GET / HTTP/1.1" 200 2233 "-" "Mozilla/5.0 (Windows NT 10.0; Win64; x64) AppleWebKit/537.36 (KHTML, like Gecko) Chrome/86.0.4240.183 Safari/537.36" {"metadata":{"emulator":{"name":"hosting"},"message":"127.0.0.1 - - [10/Nov/2020:07:34:10 +0000] \"GET / HTTP/1.1\" 200 2233 \"-\" \"Mozilla/5.0 (Windows NT 10.0; Win64; x64) AppleWebKit/537.36 (KHTML, like Gecko) Chrome/86.0.4240.183 Safari/537.36\""}}
[info] i  hosting: 127.0.0.1 - - [10/Nov/2020:07:34:11 +0000] "GET /static/css/main.89427e87.chunk.css HTTP/1.1" 200 3975 "http://localhost:5000/" "Mozilla/5.0 (Windows NT 10.0; Win64; x64) AppleWebKit/537.36 (KHTML, like Gecko) Chrome/86.0.4240.183 Safari/537.36" {"metadata":{"emulator":{"name":"hosting"},"message":"127.0.0.1 - - [10/Nov/2020:07:34:11 +0000] \"GET /static/css/main.89427e87.chunk.css HTTP/1.1\" 200 3975 \"http://localhost:5000/\" \"Mozilla/5.0 (Windows NT 10.0; Win64; x64) AppleWebKit/537.36 (KHTML, like Gecko) Chrome/86.0.4240.183 Safari/537.36\""}}
[info] i  hosting: 127.0.0.1 - - [10/Nov/2020:07:34:11 +0000] "GET /static/js/main.9a407700.chunk.js HTTP/1.1" 200 10500 "http://localhost:5000/" "Mozilla/5.0 (Windows NT 10.0; Win64; x64) AppleWebKit/537.36 (KHTML, like Gecko) Chrome/86.0.4240.183 Safari/537.36" {"metadata":{"emulator":{"name":"hosting"},"message":"127.0.0.1 - - [10/Nov/2020:07:34:11 +0000] \"GET /static/js/main.9a407700.chunk.js HTTP/1.1\" 200 10500 \"http://localhost:5000/\" \"Mozilla/5.0 (Windows NT 10.0; Win64; x64) AppleWebKit/537.36 (KHTML, like Gecko) Chrome/86.0.4240.183 Safari/537.36\""}}
[info] i  hosting: 127.0.0.1 - - [10/Nov/2020:07:34:11 +0000] "GET /static/js/2.3d326c9d.chunk.js HTTP/1.1" 200 1045814 "http://localhost:5000/" "Mozilla/5.0 (Windows NT 10.0; Win64; x64) AppleWebKit/537.36 (KHTML, like Gecko) Chrome/86.0.4240.183 Safari/537.36" {"metadata":{"emulator":{"name":"hosting"},"message":"127.0.0.1 - - [10/Nov/2020:07:34:11 +0000] \"GET /static/js/2.3d326c9d.chunk.js HTTP/1.1\" 200 1045814 \"http://localhost:5000/\" \"Mozilla/5.0 (Windows NT 10.0; Win64; x64) AppleWebKit/537.36 (KHTML, like Gecko) Chrome/86.0.4240.183 Safari/537.36\""}}
[info] i  hosting: 127.0.0.1 - - [10/Nov/2020:07:34:11 +0000] "GET /favicon.ico HTTP/1.1" 200 3150 "http://localhost:5000/" "Mozilla/5.0 (Windows NT 10.0; Win64; x64) AppleWebKit/537.36 (KHTML, like Gecko) Chrome/86.0.4240.183 Safari/537.36" {"metadata":{"emulator":{"name":"hosting"},"message":"127.0.0.1 - - [10/Nov/2020:07:34:11 +0000] \"GET /favicon.ico HTTP/1.1\" 200 3150 \"http://localhost:5000/\" \"Mozilla/5.0 (Windows NT 10.0; Win64; x64) AppleWebKit/537.36 (KHTML, like Gecko) Chrome/86.0.4240.183 Safari/537.36\""}}
[info] i  hosting: 127.0.0.1 - - [10/Nov/2020:07:34:11 +0000] "GET /manifest.json HTTP/1.1" 200 492 "http://localhost:5000/" "Mozilla/5.0 (Windows NT 10.0; Win64; x64) AppleWebKit/537.36 (KHTML, like Gecko) Chrome/86.0.4240.183 Safari/537.36" {"metadata":{"emulator":{"name":"hosting"},"message":"127.0.0.1 - - [10/Nov/2020:07:34:11 +0000] \"GET /manifest.json HTTP/1.1\" 200 492 \"http://localhost:5000/\" \"Mozilla/5.0 (Windows NT 10.0; Win64; x64) AppleWebKit/537.36 (KHTML, like Gecko) Chrome/86.0.4240.183 Safari/537.36\""}}
[info] i  hosting: 127.0.0.1 - - [10/Nov/2020:07:34:11 +0000] "GET /logo192.png HTTP/1.1" 200 5347 "http://localhost:5000/" "Mozilla/5.0 (Windows NT 10.0; Win64; x64) AppleWebKit/537.36 (KHTML, like Gecko) Chrome/86.0.4240.183 Safari/537.36" {"metadata":{"emulator":{"name":"hosting"},"message":"127.0.0.1 - - [10/Nov/2020:07:34:11 +0000] \"GET /logo192.png HTTP/1.1\" 200 5347 \"http://localhost:5000/\" \"Mozilla/5.0 (Windows NT 10.0; Win64; x64) AppleWebKit/537.36 (KHTML, like Gecko) Chrome/86.0.4240.183 Safari/537.36\""}}
[debug] [2020-11-10T08:51:44.891Z] [work-queue] {"queueLength":1,"workRunningCount":0}
[debug] [2020-11-10T08:51:44.894Z] [work-queue] {"queueLength":0,"workRunningCount":1}
[debug] [2020-11-10T08:51:44.895Z] Accepted request POST /e-challange-3fa74/us-central1/api/payments/create?total=89797 --> api
[debug] [2020-11-10T08:51:44.896Z] [worker-pool] submitWork(triggerId=api) {"metadata":{"emulator":{"name":"functions"},"message":"[worker-pool] submitWork(triggerId=api)"}}
[debug] [2020-11-10T08:51:44.896Z] [worker-api-103b4d16-ba50-4a2f-81a0-d5c456ad7069]: Assigning socketPath: \\?\pipe\C:\Users\ADMIN\Documents\Amazone-full-stack-React-firebase\amazone-clone\functions\14312 {"metadata":{"emulator":{"name":"functions"},"message":"[worker-api-103b4d16-ba50-4a2f-81a0-d5c456ad7069]: Assigning socketPath: \\\\?\\pipe\\C:\\Users\\ADMIN\\Documents\\Amazone-full-stack-React-firebase\\amazone-clone\\functions\\14312"}}
[debug] [2020-11-10T08:51:44.897Z] [worker-api-103b4d16-ba50-4a2f-81a0-d5c456ad7069]: BUSY {"metadata":{"emulator":{"name":"functions"},"message":"[worker-api-103b4d16-ba50-4a2f-81a0-d5c456ad7069]: BUSY"}}
[debug] [2020-11-10T08:51:44.917Z] [runtime-status] [14312] Trigger "api" has been found, beginning invocation! {"metadata":{"emulator":{"name":"functions"},"function":{"name":"api"},"message":"[runtime-status] [14312] Trigger \"api\" has been found, beginning invocation!"}}
[info] i  functions: Beginning execution of "api" {"metadata":{"emulator":{"name":"functions"},"function":{"name":"api"},"message":"Beginning execution of \"api\""}}
[debug] [2020-11-10T08:51:44.924Z] [runtime-status] [14312] triggerDefinition {"httpsTrigger":{},"name":"api","entryPoint":"api"} {"metadata":{"emulator":{"name":"functions"},"function":{"name":"api"},"message":"[runtime-status] [14312] triggerDefinition {\"httpsTrigger\":{},\"name\":\"api\",\"entryPoint\":\"api\"}"}}
[debug] [2020-11-10T08:51:44.924Z] [runtime-status] [14312] Running api in mode HTTPS {"metadata":{"emulator":{"name":"functions"},"function":{"name":"api"},"message":"[runtime-status] [14312] Running api in mode HTTPS"}}
[debug] [2020-11-10T08:51:44.927Z] [runtime-status] [14312] Attempting to listen to socketPath: \\?\pipe\C:\Users\ADMIN\Documents\Amazone-full-stack-React-firebase\amazone-clone\functions\14312 {"metadata":{"emulator":{"name":"functions"},"function":{"name":"api"},"message":"[runtime-status] [14312] Attempting to listen to socketPath: \\\\?\\pipe\\C:\\Users\\ADMIN\\Documents\\Amazone-full-stack-React-firebase\\amazone-clone\\functions\\14312"}}
[debug] [2020-11-10T08:51:44.933Z] [functions] Runtime ready! Sending request! {"metadata":{"emulator":{"name":"functions"},"message":"[functions] Runtime ready! Sending request!"}}
[debug] [2020-11-10T08:51:44.948Z] [runtime-status] [14312] Ephemeral server handling POST request {"metadata":{"emulator":{"name":"functions"},"function":{"name":"api"},"message":"[runtime-status] [14312] Ephemeral server handling POST request"}}
[info] >  Payment Request Recieved BOOM!!! for this amount >>>  89797 {"user":"Payment Request Recieved BOOM!!! for this amount >>>  89797","metadata":{"emulator":{"name":"functions"},"function":{"name":"api"},"message":"\u001b[90m> \u001b[39m Payment Request Recieved BOOM!!! for this amount >>>  89797"}}
[debug] [2020-11-10T08:51:44.976Z] [runtime-status] [14312] Ephemeral server survived. {"metadata":{"emulator":{"name":"functions"},"function":{"name":"api"},"message":"[runtime-status] [14312] Ephemeral server survived."}}
[info] i  functions: Finished "api" in ~1s {"metadata":{"emulator":{"name":"functions"},"function":{"name":"api"},"message":"Finished \"api\" in ~1s"}}
[debug] [2020-11-10T08:51:45.733Z] [worker-api-103b4d16-ba50-4a2f-81a0-d5c456ad7069]: IDLE {"metadata":{"emulator":{"name":"functions"},"message":"[worker-api-103b4d16-ba50-4a2f-81a0-d5c456ad7069]: IDLE"}}
[debug] [2020-11-10T08:51:45.733Z] [work-queue] {"queueLength":0,"workRunningCount":0}
[debug] [2020-11-10T08:51:57.653Z] [work-queue] {"queueLength":1,"workRunningCount":0}
[debug] [2020-11-10T08:51:57.654Z] [work-queue] {"queueLength":0,"workRunningCount":1}
[debug] [2020-11-10T08:51:57.654Z] Accepted request POST /e-challange-3fa74/us-central1/api/payments/create?total=0 --> api
[debug] [2020-11-10T08:51:57.658Z] [worker-pool] submitWork(triggerId=api) {"metadata":{"emulator":{"name":"functions"},"message":"[worker-pool] submitWork(triggerId=api)"}}
[debug] [2020-11-10T08:51:57.659Z] [worker-api-103b4d16-ba50-4a2f-81a0-d5c456ad7069]: Assigning socketPath: \\?\pipe\C:\Users\ADMIN\Documents\Amazone-full-stack-React-firebase\amazone-clone\functions\14312 {"metadata":{"emulator":{"name":"functions"},"message":"[worker-api-103b4d16-ba50-4a2f-81a0-d5c456ad7069]: Assigning socketPath: \\\\?\\pipe\\C:\\Users\\ADMIN\\Documents\\Amazone-full-stack-React-firebase\\amazone-clone\\functions\\14312"}}
[debug] [2020-11-10T08:51:57.664Z] [worker-api-103b4d16-ba50-4a2f-81a0-d5c456ad7069]: BUSY {"metadata":{"emulator":{"name":"functions"},"message":"[worker-api-103b4d16-ba50-4a2f-81a0-d5c456ad7069]: BUSY"}}
[debug] [2020-11-10T08:51:57.665Z] [runtime-status] [14312] Trigger "api" has been found, beginning invocation! {"metadata":{"emulator":{"name":"functions"},"function":{"name":"api"},"message":"[runtime-status] [14312] Trigger \"api\" has been found, beginning invocation!"}}
[info] i  functions: Beginning execution of "api" {"metadata":{"emulator":{"name":"functions"},"function":{"name":"api"},"message":"Beginning execution of \"api\""}}
[debug] [2020-11-10T08:51:57.667Z] [runtime-status] [14312] triggerDefinition {"httpsTrigger":{},"name":"api","entryPoint":"api"} {"metadata":{"emulator":{"name":"functions"},"function":{"name":"api"},"message":"[runtime-status] [14312] triggerDefinition {\"httpsTrigger\":{},\"name\":\"api\",\"entryPoint\":\"api\"}"}}
[debug] [2020-11-10T08:51:57.667Z] [runtime-status] [14312] Running api in mode HTTPS {"metadata":{"emulator":{"name":"functions"},"function":{"name":"api"},"message":"[runtime-status] [14312] Running api in mode HTTPS"}}
[debug] [2020-11-10T08:51:57.669Z] [runtime-status] [14312] Attempting to listen to socketPath: \\?\pipe\C:\Users\ADMIN\Documents\Amazone-full-stack-React-firebase\amazone-clone\functions\14312 {"metadata":{"emulator":{"name":"functions"},"function":{"name":"api"},"message":"[runtime-status] [14312] Attempting to listen to socketPath: \\\\?\\pipe\\C:\\Users\\ADMIN\\Documents\\Amazone-full-stack-React-firebase\\amazone-clone\\functions\\14312"}}
[debug] [2020-11-10T08:51:57.672Z] [functions] Runtime ready! Sending request! {"metadata":{"emulator":{"name":"functions"},"message":"[functions] Runtime ready! Sending request!"}}
[debug] [2020-11-10T08:51:57.679Z] [runtime-status] [14312] Ephemeral server handling POST request {"metadata":{"emulator":{"name":"functions"},"function":{"name":"api"},"message":"[runtime-status] [14312] Ephemeral server handling POST request"}}
[info] >  Payment Request Recieved BOOM!!! for this amount >>>  0 {"user":"Payment Request Recieved BOOM!!! for this amount >>>  0","metadata":{"emulator":{"name":"functions"},"function":{"name":"api"},"message":"\u001b[90m> \u001b[39m Payment Request Recieved BOOM!!! for this amount >>>  0"}}
[debug] [2020-11-10T08:51:57.683Z] [runtime-status] [14312] Ephemeral server survived. {"metadata":{"emulator":{"name":"functions"},"function":{"name":"api"},"message":"[runtime-status] [14312] Ephemeral server survived."}}
[info] >  (node:14312) UnhandledPromiseRejectionWarning: Error: This value must be greater than or equal to 1. {"user":"(node:14312) UnhandledPromiseRejectionWarning: Error: This value must be greater than or equal to 1.","metadata":{"emulator":{"name":"functions"},"function":{"name":"api"},"message":"\u001b[90m> \u001b[39m (node:14312) UnhandledPromiseRejectionWarning: Error: This value must be greater than or equal to 1."}}
[info] >      at Function.generate (C:\Users\ADMIN\Documents\Amazone-full-stack-React-firebase\amazone-clone\functions\node_modules\stripe\lib\Error.js:40:16) {"user":"    at Function.generate (C:\\Users\\ADMIN\\Documents\\Amazone-full-stack-React-firebase\\amazone-clone\\functions\\node_modules\\stripe\\lib\\Error.js:40:16)","metadata":{"emulator":{"name":"functions"},"function":{"name":"api"},"message":"\u001b[90m> \u001b[39m     at Function.generate (C:\\Users\\ADMIN\\Documents\\Amazone-full-stack-React-firebase\\amazone-clone\\functions\\node_modules\\stripe\\lib\\Error.js:40:16)"}}
[info] >      at IncomingMessage.<anonymous> (C:\Users\ADMIN\Documents\Amazone-full-stack-React-firebase\amazone-clone\functions\node_modules\stripe\lib\StripeResource.js:190:33) {"user":"    at IncomingMessage.<anonymous> (C:\\Users\\ADMIN\\Documents\\Amazone-full-stack-React-firebase\\amazone-clone\\functions\\node_modules\\stripe\\lib\\StripeResource.js:190:33)","metadata":{"emulator":{"name":"functions"},"function":{"name":"api"},"message":"\u001b[90m> \u001b[39m     at IncomingMessage.<anonymous> (C:\\Users\\ADMIN\\Documents\\Amazone-full-stack-React-firebase\\amazone-clone\\functions\\node_modules\\stripe\\lib\\StripeResource.js:190:33)"}}
[info] >      at Object.onceWrapper (events.js:420:28) {"user":"    at Object.onceWrapper (events.js:420:28)","metadata":{"emulator":{"name":"functions"},"function":{"name":"api"},"message":"\u001b[90m> \u001b[39m     at Object.onceWrapper (events.js:420:28)"}}
[info] >      at IncomingMessage.emit (events.js:326:22) {"user":"    at IncomingMessage.emit (events.js:326:22)","metadata":{"emulator":{"name":"functions"},"function":{"name":"api"},"message":"\u001b[90m> \u001b[39m     at IncomingMessage.emit (events.js:326:22)"}}
[info] >      at endReadableNT (_stream_readable.js:1252:12) {"user":"    at endReadableNT (_stream_readable.js:1252:12)","metadata":{"emulator":{"name":"functions"},"function":{"name":"api"},"message":"\u001b[90m> \u001b[39m     at endReadableNT (_stream_readable.js:1252:12)"}}
[info] >      at processTicksAndRejections (internal/process/task_queues.js:80:21) {"user":"    at processTicksAndRejections (internal/process/task_queues.js:80:21)","metadata":{"emulator":{"name":"functions"},"function":{"name":"api"},"message":"\u001b[90m> \u001b[39m     at processTicksAndRejections (internal/process/task_queues.js:80:21)"}}
[info] >  (Use `node --trace-warnings ...` to show where the warning was created) {"user":"(Use `node --trace-warnings ...` to show where the warning was created)","metadata":{"emulator":{"name":"functions"},"function":{"name":"api"},"message":"\u001b[90m> \u001b[39m (Use `node --trace-warnings ...` to show where the warning was created)"}}
[info] >  (node:14312) UnhandledPromiseRejectionWarning: Unhandled promise rejection. This error originated either by throwing inside of an async function without a catch block, or by rejecting a promise which was not handled with .catch(). To terminate the node process on unhandled promise rejection, use the CLI flag `--unhandled-rejections=strict` (see https://nodejs.org/api/cli.html#cli_unhandled_rejections_mode). (rejection id: 1) {"user":"(node:14312) UnhandledPromiseRejectionWarning: Unhandled promise rejection. This error originated either by throwing inside of an async function without a catch block, or by rejecting a promise which was not handled with .catch(). To terminate the node process on unhandled promise rejection, use the CLI flag `--unhandled-rejections=strict` (see https://nodejs.org/api/cli.html#cli_unhandled_rejections_mode). (rejection id: 1)","metadata":{"emulator":{"name":"functions"},"function":{"name":"api"},"message":"\u001b[90m> \u001b[39m (node:14312) UnhandledPromiseRejectionWarning: Unhandled promise rejection. This error originated either by throwing inside of an async function without a catch block, or by rejecting a promise which was not handled with .catch(). To terminate the node process on unhandled promise rejection, use the CLI flag `--unhandled-rejections=strict` (see https://nodejs.org/api/cli.html#cli_unhandled_rejections_mode). (rejection id: 1)"}}
[info] >  (node:14312) [DEP0018] DeprecationWarning: Unhandled promise rejections are deprecated. In the future, promise rejections that are not handled will terminate the Node.js process with a non-zero exit code. {"user":"(node:14312) [DEP0018] DeprecationWarning: Unhandled promise rejections are deprecated. In the future, promise rejections that are not handled will terminate the Node.js process with a non-zero exit code.","metadata":{"emulator":{"name":"functions"},"function":{"name":"api"},"message":"\u001b[90m> \u001b[39m (node:14312) [DEP0018] DeprecationWarning: Unhandled promise rejections are deprecated. In the future, promise rejections that are not handled will terminate the Node.js process with a non-zero exit code."}}
[warn] !  functions: Your function timed out after ~60s. To configure this timeout, see
      https://firebase.google.com/docs/functions/manage-functions#set_timeout_and_memory_allocation. {"metadata":{"emulator":{"name":"functions"},"function":{"name":"api"},"message":"Your function timed out after ~60s. To configure this timeout, see\n      https://firebase.google.com/docs/functions/manage-functions#set_timeout_and_memory_allocation."}}
[info] >  C:\Users\ADMIN\AppData\Roaming\npm\node_modules\firebase-tools\lib\emulator\functionsEmulatorRuntime.js:642 {"user":"C:\\Users\\ADMIN\\AppData\\Roaming\\npm\\node_modules\\firebase-tools\\lib\\emulator\\functionsEmulatorRuntime.js:642\r","metadata":{"emulator":{"name":"functions"},"function":{"name":"api"},"message":"\u001b[90m> \u001b[39m C:\\Users\\ADMIN\\AppData\\Roaming\\npm\\node_modules\\firebase-tools\\lib\\emulator\\functionsEmulatorRuntime.js:642\r"}}
[info] >                  throw new Error("Function timed out."); {"user":"                throw new Error(\"Function timed out.\");\r","metadata":{"emulator":{"name":"functions"},"function":{"name":"api"},"message":"\u001b[90m> \u001b[39m                 throw new Error(\"Function timed out.\");\r"}}
[info] >                  ^ {"user":"                ^\r","metadata":{"emulator":{"name":"functions"},"function":{"name":"api"},"message":"\u001b[90m> \u001b[39m                 ^\r"}}
[info] >   {"user":"\r","metadata":{"emulator":{"name":"functions"},"function":{"name":"api"},"message":"\u001b[90m> \u001b[39m \r"}}
[info] >  Error: Function timed out. {"user":"Error: Function timed out.\r","metadata":{"emulator":{"name":"functions"},"function":{"name":"api"},"message":"\u001b[90m> \u001b[39m Error: Function timed out.\r"}}
[info] >      at Timeout._onTimeout (C:\Users\ADMIN\AppData\Roaming\npm\node_modules\firebase-tools\lib\emulator\functionsEmulatorRuntime.js:642:23) {"user":"    at Timeout._onTimeout (C:\\Users\\ADMIN\\AppData\\Roaming\\npm\\node_modules\\firebase-tools\\lib\\emulator\\functionsEmulatorRuntime.js:642:23)\r","metadata":{"emulator":{"name":"functions"},"function":{"name":"api"},"message":"\u001b[90m> \u001b[39m     at Timeout._onTimeout (C:\\Users\\ADMIN\\AppData\\Roaming\\npm\\node_modules\\firebase-tools\\lib\\emulator\\functionsEmulatorRuntime.js:642:23)\r"}}
[info] >      at listOnTimeout (internal/timers.js:554:17) {"user":"    at listOnTimeout (internal/timers.js:554:17)\r","metadata":{"emulator":{"name":"functions"},"function":{"name":"api"},"message":"\u001b[90m> \u001b[39m     at listOnTimeout (internal/timers.js:554:17)\r"}}
[info] >      at processTimers (internal/timers.js:497:7) {"user":"    at processTimers (internal/timers.js:497:7)\r","metadata":{"emulator":{"name":"functions"},"function":{"name":"api"},"message":"\u001b[90m> \u001b[39m     at processTimers (internal/timers.js:497:7)\r"}}
[debug] [2020-11-10T08:52:57.727Z] [worker-api-103b4d16-ba50-4a2f-81a0-d5c456ad7069]: exited {"metadata":{"emulator":{"name":"functions"},"message":"[worker-api-103b4d16-ba50-4a2f-81a0-d5c456ad7069]: exited"}}
[debug] [2020-11-10T08:52:57.728Z] [worker-api-103b4d16-ba50-4a2f-81a0-d5c456ad7069]: FINISHED {"metadata":{"emulator":{"name":"functions"},"message":"[worker-api-103b4d16-ba50-4a2f-81a0-d5c456ad7069]: FINISHED"}}
[debug] [2020-11-10T08:52:57.728Z] [work-queue] {"queueLength":0,"workRunningCount":0}
[debug] [2020-11-10T08:54:05.724Z] [work-queue] {"queueLength":1,"workRunningCount":0}
[debug] [2020-11-10T08:54:05.724Z] [work-queue] {"queueLength":0,"workRunningCount":1}
[debug] [2020-11-10T08:54:05.725Z] Accepted request GET /e-challange-3fa74/us-central1/api/payments/create?total=0 --> api
[debug] [2020-11-10T08:54:05.725Z] [worker-pool] Cleaned up workers for api: 1 --> 0 {"metadata":{"emulator":{"name":"functions"},"message":"[worker-pool] Cleaned up workers for api: 1 --> 0"}}
[debug] [2020-11-10T08:54:05.752Z] [worker-pool] addWorker(api) {"metadata":{"emulator":{"name":"functions"},"message":"[worker-pool] addWorker(api)"}}
[debug] [2020-11-10T08:54:05.753Z] [worker-pool] Adding worker with key api, total=1 {"metadata":{"emulator":{"name":"functions"},"message":"[worker-pool] Adding worker with key api, total=1"}}
[debug] [2020-11-10T08:54:05.754Z] [worker-pool] submitWork(triggerId=api) {"metadata":{"emulator":{"name":"functions"},"message":"[worker-pool] submitWork(triggerId=api)"}}
[debug] [2020-11-10T08:54:05.754Z] [worker-api-7c3db76d-560e-43f4-8f49-8d072346e90d]: Assigning socketPath: \\?\pipe\C:\Users\ADMIN\Documents\Amazone-full-stack-React-firebase\amazone-clone\functions\17104 {"metadata":{"emulator":{"name":"functions"},"message":"[worker-api-7c3db76d-560e-43f4-8f49-8d072346e90d]: Assigning socketPath: \\\\?\\pipe\\C:\\Users\\ADMIN\\Documents\\Amazone-full-stack-React-firebase\\amazone-clone\\functions\\17104"}}
[debug] [2020-11-10T08:54:05.756Z] [worker-api-7c3db76d-560e-43f4-8f49-8d072346e90d]: BUSY {"metadata":{"emulator":{"name":"functions"},"message":"[worker-api-7c3db76d-560e-43f4-8f49-8d072346e90d]: BUSY"}}
[debug] [2020-11-10T08:54:06.453Z] [runtime-status] [17104] Functions runtime initialized. {"cwd":"C:\\Users\\ADMIN\\Documents\\Amazone-full-stack-React-firebase\\amazone-clone\\functions","node_version":"14.12.0"} {"metadata":{"emulator":{"name":"functions"},"function":{"name":"api"},"message":"[runtime-status] [17104] Functions runtime initialized. {\"cwd\":\"C:\\\\Users\\\\ADMIN\\\\Documents\\\\Amazone-full-stack-React-firebase\\\\amazone-clone\\\\functions\",\"node_version\":\"14.12.0\"}"}}
[debug] [2020-11-10T08:54:06.461Z] [runtime-status] [17104] Disabled runtime features: undefined {"metadata":{"emulator":{"name":"functions"},"function":{"name":"api"},"message":"[runtime-status] [17104] Disabled runtime features: undefined"}}
[debug] [2020-11-10T08:54:06.466Z] [runtime-status] [17104] Resolved module firebase-admin {"declared":true,"installed":true,"version":"8.13.0","resolution":"C:\\Users\\ADMIN\\Documents\\Amazone-full-stack-React-firebase\\amazone-clone\\functions\\node_modules\\firebase-admin\\lib\\index.js"} {"metadata":{"emulator":{"name":"functions"},"function":{"name":"api"},"message":"[runtime-status] [17104] Resolved module firebase-admin {\"declared\":true,\"installed\":true,\"version\":\"8.13.0\",\"resolution\":\"C:\\\\Users\\\\ADMIN\\\\Documents\\\\Amazone-full-stack-React-firebase\\\\amazone-clone\\\\functions\\\\node_modules\\\\firebase-admin\\\\lib\\\\index.js\"}"}}
[debug] [2020-11-10T08:54:06.469Z] [runtime-status] [17104] Resolved module firebase-functions {"declared":true,"installed":true,"version":"3.11.0","resolution":"C:\\Users\\ADMIN\\Documents\\Amazone-full-stack-React-firebase\\amazone-clone\\functions\\node_modules\\firebase-functions\\lib\\index.js"} {"metadata":{"emulator":{"name":"functions"},"function":{"name":"api"},"message":"[runtime-status] [17104] Resolved module firebase-functions {\"declared\":true,\"installed\":true,\"version\":\"3.11.0\",\"resolution\":\"C:\\\\Users\\\\ADMIN\\\\Documents\\\\Amazone-full-stack-React-firebase\\\\amazone-clone\\\\functions\\\\node_modules\\\\firebase-functions\\\\lib\\\\index.js\"}"}}
[debug] [2020-11-10T08:54:06.473Z] [runtime-status] [17104] Resolved module firebase-functions {"declared":true,"installed":true,"version":"3.11.0","resolution":"C:\\Users\\ADMIN\\Documents\\Amazone-full-stack-React-firebase\\amazone-clone\\functions\\node_modules\\firebase-functions\\lib\\index.js"} {"metadata":{"emulator":{"name":"functions"},"function":{"name":"api"},"message":"[runtime-status] [17104] Resolved module firebase-functions {\"declared\":true,\"installed\":true,\"version\":\"3.11.0\",\"resolution\":\"C:\\\\Users\\\\ADMIN\\\\Documents\\\\Amazone-full-stack-React-firebase\\\\amazone-clone\\\\functions\\\\node_modules\\\\firebase-functions\\\\lib\\\\index.js\"}"}}
[debug] [2020-11-10T08:54:06.476Z] [runtime-status] [17104] Outgoing network have been stubbed. [{"name":"http","status":"mocked"},{"name":"http","status":"mocked"},{"name":"https","status":"mocked"},{"name":"https","status":"mocked"},{"name":"net","status":"mocked"}] {"metadata":{"emulator":{"name":"functions"},"function":{"name":"api"},"message":"[runtime-status] [17104] Outgoing network have been stubbed. [{\"name\":\"http\",\"status\":\"mocked\"},{\"name\":\"http\",\"status\":\"mocked\"},{\"name\":\"https\",\"status\":\"mocked\"},{\"name\":\"https\",\"status\":\"mocked\"},{\"name\":\"net\",\"status\":\"mocked\"}]"}}
[debug] [2020-11-10T08:54:06.478Z] [runtime-status] [17104] Resolved module firebase-functions {"declared":true,"installed":true,"version":"3.11.0","resolution":"C:\\Users\\ADMIN\\Documents\\Amazone-full-stack-React-firebase\\amazone-clone\\functions\\node_modules\\firebase-functions\\lib\\index.js"} {"metadata":{"emulator":{"name":"functions"},"function":{"name":"api"},"message":"[runtime-status] [17104] Resolved module firebase-functions {\"declared\":true,\"installed\":true,\"version\":\"3.11.0\",\"resolution\":\"C:\\\\Users\\\\ADMIN\\\\Documents\\\\Amazone-full-stack-React-firebase\\\\amazone-clone\\\\functions\\\\node_modules\\\\firebase-functions\\\\lib\\\\index.js\"}"}}
[debug] [2020-11-10T08:54:06.560Z] [runtime-status] [17104] Checked functions.config() {"config":{}} {"metadata":{"emulator":{"name":"functions"},"function":{"name":"api"},"message":"[runtime-status] [17104] Checked functions.config() {\"config\":{}}"}}
[debug] [2020-11-10T08:54:06.560Z] [runtime-status] [17104] firebase-functions has been stubbed. {"functionsResolution":{"declared":true,"installed":true,"version":"3.11.0","resolution":"C:\\Users\\ADMIN\\Documents\\Amazone-full-stack-React-firebase\\amazone-clone\\functions\\node_modules\\firebase-functions\\lib\\index.js"}} {"metadata":{"emulator":{"name":"functions"},"function":{"name":"api"},"message":"[runtime-status] [17104] firebase-functions has been stubbed. {\"functionsResolution\":{\"declared\":true,\"installed\":true,\"version\":\"3.11.0\",\"resolution\":\"C:\\\\Users\\\\ADMIN\\\\Documents\\\\Amazone-full-stack-React-firebase\\\\amazone-clone\\\\functions\\\\node_modules\\\\firebase-functions\\\\lib\\\\index.js\"}}"}}
[debug] [2020-11-10T08:54:06.561Z] [runtime-status] [17104] Resolved module firebase-functions {"declared":true,"installed":true,"version":"3.11.0","resolution":"C:\\Users\\ADMIN\\Documents\\Amazone-full-stack-React-firebase\\amazone-clone\\functions\\node_modules\\firebase-functions\\lib\\index.js"} {"metadata":{"emulator":{"name":"functions"},"function":{"name":"api"},"message":"[runtime-status] [17104] Resolved module firebase-functions {\"declared\":true,\"installed\":true,\"version\":\"3.11.0\",\"resolution\":\"C:\\\\Users\\\\ADMIN\\\\Documents\\\\Amazone-full-stack-React-firebase\\\\amazone-clone\\\\functions\\\\node_modules\\\\firebase-functions\\\\lib\\\\index.js\"}"}}
[debug] [2020-11-10T08:54:06.563Z] [runtime-status] [17104] Resolved module firebase-admin {"declared":true,"installed":true,"version":"8.13.0","resolution":"C:\\Users\\ADMIN\\Documents\\Amazone-full-stack-React-firebase\\amazone-clone\\functions\\node_modules\\firebase-admin\\lib\\index.js"} {"metadata":{"emulator":{"name":"functions"},"function":{"name":"api"},"message":"[runtime-status] [17104] Resolved module firebase-admin {\"declared\":true,\"installed\":true,\"version\":\"8.13.0\",\"resolution\":\"C:\\\\Users\\\\ADMIN\\\\Documents\\\\Amazone-full-stack-React-firebase\\\\amazone-clone\\\\functions\\\\node_modules\\\\firebase-admin\\\\lib\\\\index.js\"}"}}
[debug] [2020-11-10T08:54:06.564Z] [runtime-status] [17104] Resolved module firebase-functions {"declared":true,"installed":true,"version":"3.11.0","resolution":"C:\\Users\\ADMIN\\Documents\\Amazone-full-stack-React-firebase\\amazone-clone\\functions\\node_modules\\firebase-functions\\lib\\index.js"} {"metadata":{"emulator":{"name":"functions"},"function":{"name":"api"},"message":"[runtime-status] [17104] Resolved module firebase-functions {\"declared\":true,\"installed\":true,\"version\":\"3.11.0\",\"resolution\":\"C:\\\\Users\\\\ADMIN\\\\Documents\\\\Amazone-full-stack-React-firebase\\\\amazone-clone\\\\functions\\\\node_modules\\\\firebase-functions\\\\lib\\\\index.js\"}"}}
[debug] [2020-11-10T08:54:06.565Z] [runtime-status] [17104] firebase-admin has been stubbed. {"adminResolution":{"declared":true,"installed":true,"version":"8.13.0","resolution":"C:\\Users\\ADMIN\\Documents\\Amazone-full-stack-React-firebase\\amazone-clone\\functions\\node_modules\\firebase-admin\\lib\\index.js"}} {"metadata":{"emulator":{"name":"functions"},"function":{"name":"api"},"message":"[runtime-status] [17104] firebase-admin has been stubbed. {\"adminResolution\":{\"declared\":true,\"installed\":true,\"version\":\"8.13.0\",\"resolution\":\"C:\\\\Users\\\\ADMIN\\\\Documents\\\\Amazone-full-stack-React-firebase\\\\amazone-clone\\\\functions\\\\node_modules\\\\firebase-admin\\\\lib\\\\index.js\"}}"}}
[debug] [2020-11-10T08:54:06.836Z] [runtime-status] [17104] Trigger "api" has been found, beginning invocation! {"metadata":{"emulator":{"name":"functions"},"function":{"name":"api"},"message":"[runtime-status] [17104] Trigger \"api\" has been found, beginning invocation!"}}
[info] i  functions: Beginning execution of "api" {"metadata":{"emulator":{"name":"functions"},"function":{"name":"api"},"message":"Beginning execution of \"api\""}}
[debug] [2020-11-10T08:54:06.838Z] [runtime-status] [17104] triggerDefinition {"httpsTrigger":{},"name":"api","entryPoint":"api"} {"metadata":{"emulator":{"name":"functions"},"function":{"name":"api"},"message":"[runtime-status] [17104] triggerDefinition {\"httpsTrigger\":{},\"name\":\"api\",\"entryPoint\":\"api\"}"}}
[debug] [2020-11-10T08:54:06.838Z] [runtime-status] [17104] Running api in mode HTTPS {"metadata":{"emulator":{"name":"functions"},"function":{"name":"api"},"message":"[runtime-status] [17104] Running api in mode HTTPS"}}
[debug] [2020-11-10T08:54:06.846Z] [runtime-status] [17104] Attempting to listen to socketPath: \\?\pipe\C:\Users\ADMIN\Documents\Amazone-full-stack-React-firebase\amazone-clone\functions\17104 {"metadata":{"emulator":{"name":"functions"},"function":{"name":"api"},"message":"[runtime-status] [17104] Attempting to listen to socketPath: \\\\?\\pipe\\C:\\Users\\ADMIN\\Documents\\Amazone-full-stack-React-firebase\\amazone-clone\\functions\\17104"}}
[debug] [2020-11-10T08:54:06.850Z] [functions] Runtime ready! Sending request! {"metadata":{"emulator":{"name":"functions"},"message":"[functions] Runtime ready! Sending request!"}}
[debug] [2020-11-10T08:54:06.860Z] [runtime-status] [17104] Ephemeral server handling GET request {"metadata":{"emulator":{"name":"functions"},"function":{"name":"api"},"message":"[runtime-status] [17104] Ephemeral server handling GET request"}}
[debug] [2020-11-10T08:54:06.873Z] [runtime-status] [17104] Ephemeral server survived. {"metadata":{"emulator":{"name":"functions"},"function":{"name":"api"},"message":"[runtime-status] [17104] Ephemeral server survived."}}
[info] i  functions: Finished "api" in ~1s {"metadata":{"emulator":{"name":"functions"},"function":{"name":"api"},"message":"Finished \"api\" in ~1s"}}
[debug] [2020-11-10T08:54:06.879Z] [worker-api-7c3db76d-560e-43f4-8f49-8d072346e90d]: IDLE {"metadata":{"emulator":{"name":"functions"},"message":"[worker-api-7c3db76d-560e-43f4-8f49-8d072346e90d]: IDLE"}}
[debug] [2020-11-10T08:54:06.880Z] [work-queue] {"queueLength":0,"workRunningCount":0}
